[2024-01-11 10:58:21] __rvm_package_extract
__rvm_package_extract () 
{ 
    rvm_debug __rvm_package_extract:$#: "$@";
    \typeset __extract_src __extract_target __tempdir __path __file __return;
    __extract_src="$1";
    __extract_target="$2";
    shift 2;
    __return=0;
    __tempdir="$( TMPDIR="${rvm_tmp_path}" mktemp -d -t rvm-tmp.XXXXXXXXX )";
    __rvm_package_extract_run "$__extract_src" "$__tempdir" "$@" || __return=$?;
    if (( __return == 0 )); then
        for __path in "$__tempdir"/*;
        do
            __file="${__path##*/}";
            if [[ -n "${__file}" && -e "$__extract_target/${__file}" ]]; then
                \command \rm -rf "$__extract_target/${__file}" || __return=$?;
            fi;
            \command \mv -f "${__path}" "$__extract_target/" || __return=$?;
        done;
    fi;
    if [[ -n "$__tempdir" ]]; then
        \command \rm -rf "$__tempdir";
    fi;
    return $__return
}
current path: /Users/mahd/.rvm/src
PATH=/opt/homebrew/opt/coreutils/bin:/opt/homebrew/opt/pkg-config/bin:/opt/homebrew/opt/libtool/bin:/opt/homebrew/opt/automake/bin:/opt/homebrew/opt/autoconf/bin:/Users/mahd/.opam/default/bin:/usr/local/opt/qt@5/bin:/Users/mahd/.local/bin:/Users/mahd/.local/bin:/opt/homebrew/bin:/opt/homebrew/sbin:/usr/local/bin/vim:/Library/Frameworks/Python.framework/Versions/3.7/bin:/opt/homebrew/sbin:/Users/mahd/go/bin:usr/local/opt/llvm/bin/clangd:/usr/local/Cellar/llvm/10.0.1/bin/clangd:/usr/bin:/bin:/usr/sbin:/sbin:/usr/local/sbin:/opt/homebrew/bin:/usr/local/go/bin:/Users/mahd/.rvm/bin
command(3): __rvm_package_extract /Users/mahd/.rvm/archives/ruby-3.0.0.tar.gz /Users/mahd/.rvm/tmp/rvm_src_35002
++ rvm_debug __rvm_package_extract:2: /Users/mahd/.rvm/archives/ruby-3.0.0.tar.gz /Users/mahd/.rvm/tmp/rvm_src_35002
++ ((  0  ))
++ return 0
++ typeset __extract_src __extract_target __tempdir __path __file __return
++ __extract_src=/Users/mahd/.rvm/archives/ruby-3.0.0.tar.gz
++ __extract_target=/Users/mahd/.rvm/tmp/rvm_src_35002
++ shift 2
++ __return=0
+++ TMPDIR=/Users/mahd/.rvm/tmp
+++ mktemp -d -t rvm-tmp.XXXXXXXXX
++ __tempdir=/var/folders/r2/bmpqg1nj67bbnh_djfbnmt3w0000gn/T/rvm-tmp.XXXXXXXXX.UKAuPXrT7r
++ __rvm_package_extract_run /Users/mahd/.rvm/archives/ruby-3.0.0.tar.gz /var/folders/r2/bmpqg1nj67bbnh_djfbnmt3w0000gn/T/rvm-tmp.XXXXXXXXX.UKAuPXrT7r
++ typeset __extract_run_src __extract_run_target __exclude_elements
++ __extract_run_src=/Users/mahd/.rvm/archives/ruby-3.0.0.tar.gz
++ __extract_run_target=/var/folders/r2/bmpqg1nj67bbnh_djfbnmt3w0000gn/T/rvm-tmp.XXXXXXXXX.UKAuPXrT7r
++ shift 2
++ __exclude_elements=()
++ [[    != *\ \-\-\n\o\-\s\a\m\e\-\o\w\n\e\r\ * ]]
++ __rvm_tar --help
++ __rvm_grep -- --no-same-owner
++ GREP_OPTIONS=
++ command grep -- --no-same-owner
++ grep -- --no-same-owner
++ return 1
++ [[ -d /var/folders/r2/bmpqg1nj67bbnh_djfbnmt3w0000gn/T/rvm-tmp.XXXXXXXXX.UKAuPXrT7r ]]
++ case "$__extract_run_src" in
++ __map_tar_excludes
++ typeset __exclude_element
++ [[ -n '' ]]
++ __rvm_tar -xzf /Users/mahd/.rvm/archives/ruby-3.0.0.tar.gz -C /var/folders/r2/bmpqg1nj67bbnh_djfbnmt3w0000gn/T/rvm-tmp.XXXXXXXXX.UKAuPXrT7r
++ tar -xzf /Users/mahd/.rvm/archives/ruby-3.0.0.tar.gz -C /var/folders/r2/bmpqg1nj67bbnh_djfbnmt3w0000gn/T/rvm-tmp.XXXXXXXXX.UKAuPXrT7r
++ __rvm_fix_group_permissions /var/folders/r2/bmpqg1nj67bbnh_djfbnmt3w0000gn/T/rvm-tmp.XXXXXXXXX.UKAuPXrT7r/ruby-3.0.0
++ umask -S
++ __rvm_grep g=rw
++ GREP_OPTIONS=
++ command grep g=rw
++ grep g=rw
++ chmod -R g+rwX /var/folders/r2/bmpqg1nj67bbnh_djfbnmt3w0000gn/T/rvm-tmp.XXXXXXXXX.UKAuPXrT7r/ruby-3.0.0
++ ((  __return == 0  ))
++ for __path in '"$__tempdir"/*'
++ __file=ruby-3.0.0
++ [[ -n ruby-3.0.0 ]]
++ [[ -e /Users/mahd/.rvm/tmp/rvm_src_35002/ruby-3.0.0 ]]
++ command mv -f /var/folders/r2/bmpqg1nj67bbnh_djfbnmt3w0000gn/T/rvm-tmp.XXXXXXXXX.UKAuPXrT7r/ruby-3.0.0 /Users/mahd/.rvm/tmp/rvm_src_35002/
++ mv -f /var/folders/r2/bmpqg1nj67bbnh_djfbnmt3w0000gn/T/rvm-tmp.XXXXXXXXX.UKAuPXrT7r/ruby-3.0.0 /Users/mahd/.rvm/tmp/rvm_src_35002/
++ [[ -n /var/folders/r2/bmpqg1nj67bbnh_djfbnmt3w0000gn/T/rvm-tmp.XXXXXXXXX.UKAuPXrT7r ]]
++ command rm -rf /var/folders/r2/bmpqg1nj67bbnh_djfbnmt3w0000gn/T/rvm-tmp.XXXXXXXXX.UKAuPXrT7r
++ rm -rf /var/folders/r2/bmpqg1nj67bbnh_djfbnmt3w0000gn/T/rvm-tmp.XXXXXXXXX.UKAuPXrT7r
++ return 0
