[2023-11-01 09:13:50] requirements_osx_brew_libs_install
requirements_osx_brew_libs_install () 
{ 
    brew install "$@" --force || { 
        \typeset ret=$?;
        requirements_osx_brew_libs_error "installation";
        return $ret
    }
}
current path: /Users/mahd/.rvm/src/rvm
PATH=/usr/local/opt/qt@5/bin:/Users/mahd/.local/bin:/Users/mahd/.local/bin:/opt/homebrew/bin:/opt/homebrew/sbin:/usr/local/bin/vim:/Library/Frameworks/Python.framework/Versions/3.7/bin:/opt/homebrew/sbin:/Users/mahd/go/bin:usr/local/opt/llvm/bin/clangd:/usr/local/Cellar/llvm/10.0.1/bin/clangd:/usr/local/opt/qt@5/bin:/Users/mahd/.local/bin:/Users/mahd/.local/bin:/opt/homebrew/bin:/opt/homebrew/sbin:/usr/local/bin/vim:/Library/Frameworks/Python.framework/Versions/3.7/bin:/opt/homebrew/sbin:/Users/mahd/go/bin:usr/local/opt/llvm/bin/clangd:/usr/local/Cellar/llvm/10.0.1/bin/clangd:/usr/bin:/bin:/usr/sbin:/sbin:/usr/local/sbin:/opt/homebrew/bin:/usr/local/go/bin:/usr/local/sbin:/opt/homebrew/bin:/usr/local/go/bin:/Users/mahd/.rvm/bin
command(3): requirements_osx_brew_libs_install automake libksba
++ /scripts/functions/requirements/osx_brew : requirements_osx_brew_libs_install()  70 > brew install automake libksba --force
==> Downloading https://ghcr.io/v2/homebrew/core/automake/manifests/1.16.5
==> Fetching automake
==> Downloading https://ghcr.io/v2/homebrew/core/automake/blobs/sha256:7a116fd1052d95a13b40837b85a34cca35dbae9ed2864d1db92abfa960176b55
==> Downloading https://ghcr.io/v2/homebrew/core/libksba/manifests/1.6.4-1
==> Fetching dependencies for libksba: libgpg-error
==> Downloading https://ghcr.io/v2/homebrew/core/libgpg-error/manifests/1.47
==> Fetching libgpg-error
==> Downloading https://ghcr.io/v2/homebrew/core/libgpg-error/blobs/sha256:cc9affb619675e392885d29c117a08f4f761176b23507156474620566810dd6c
==> Fetching libksba
==> Downloading https://ghcr.io/v2/homebrew/core/libksba/blobs/sha256:d3d73bef8c06616d840cebb0f6f043e2390ba4ca13b8feb9f2ebc4c72241a686
==> Pouring automake--1.16.5.arm64_sonoma.bottle.tar.gz
ðŸº  /opt/homebrew/Cellar/automake/1.16.5: 131 files, 3.5MB
==> Running `brew cleanup automake`...
Disable this behaviour by setting HOMEBREW_NO_INSTALL_CLEANUP.
Hide these hints with HOMEBREW_NO_ENV_HINTS (see `man brew`).
==> Installing dependencies for libksba: libgpg-error
==> Installing libksba dependency: libgpg-error
==> Downloading https://ghcr.io/v2/homebrew/core/libgpg-error/manifests/1.47
Already downloaded: /Users/mahd/Library/Caches/Homebrew/downloads/98f5d26e0bbc42377eac3ea624367f84264ea91bb4ca8c4e7cc6fa402bb3d3d5--libgpg-error-1.47.bottle_manifest.json
==> Pouring libgpg-error--1.47.arm64_sonoma.bottle.tar.gz
ðŸº  /opt/homebrew/Cellar/libgpg-error/1.47: 49 files, 1.6MB
==> Installing libksba
==> Pouring libksba--1.6.4.arm64_sonoma.bottle.1.tar.gz
ðŸº  /opt/homebrew/Cellar/libksba/1.6.4: 18 files, 517.0KB
==> Running `brew cleanup libksba`...
