make all --print-data-base --no-builtin-variables --no-builtin-rules --question
# GNU Make 3.81
# Copyright (C) 2006  Free Software Foundation, Inc.
# This is free software; see the source for copying conditions.
# There is NO warranty; not even for MERCHANTABILITY or FITNESS FOR A
# PARTICULAR PURPOSE.

# This program built for i386-apple-darwin11.3.0
 
make: *** No rule to make target `all'.  Stop.


# Make data base, printed on Fri Jan 24 19:09:33 2025

# Variables

# automatic
<D = $(patsubst %/,%,$(dir $<))
# automatic
?F = $(notdir $?)
 
# environment
NODE_TLS_REJECT_UNAUTHORIZED = undefined
# environment
ICUBE_PROVIDER = Spring
# environment
VSCODE_CRASH_REPORTER_PROCESS_TYPE = extensionHost
# automatic
?D = $(patsubst %/,%,$(dir $?))
# automatic
@D = $(patsubst %/,%,$(dir $@))
# automatic
@F = $(notdir $@)
# makefile
CURDIR := /Users/mahd/DEV/dotfiles
# makefile
SHELL = /bin/sh
# environment
CLOUDIDE_PROVIDER_REGION = us
# environment
VSCODE_NLS_CONFIG = {"userLocale":"en-us","osLocale":"en-us","resolvedLanguage":"en","defaultMessagesFile":"/Applications/Trae.app/Contents/Resources/app/out/nls.messages.json","locale":"en-us","availableLanguages":{}}
# environment
_ = /usr/bin/make
# makefile
MAKEFILE_LIST := 
# environment
ICUBE_BUILD_TIME = 2025-01-23T06:59:49.656Z
# environment
ICUBE_QUALITY = stable
# environment
__CFBundleIdentifier = com.trae.app
# environment
ICUBE_MARSCODE_VERSION = 1.0.5760
# environment
PATH = /usr/local/bin:/usr/bin:/bin:/usr/sbin:/sbin
# environment
APP_REGION = US
# environment
 
ICUBE_USE_IPV6 = false
# environment
ICUBE_BUILD_VERSION = 1.0.5760
# environment
LaunchInstanceID = 4994ED14-7B60-4500-B6D3-839E304BB5BB
# environment
ELECTRON_RUN_AS_NODE = 1
# environment
ICUBE_APP_VERSION = 1.0.1
# default
.FEATURES := target-specific order-only second-expansion else-if archives jobserver check-symlink
# environment
SSH_AUTH_SOCK = /private/tmp/com.apple.launchd.RSqUA2LGnO/Listeners
# automatic
%F = $(notdir $%)
# environment
DISPLAY = /private/tmp/com.apple.launchd.A6GQOvdpT7/org.xquartz:0
# environment
PWD = /Users/mahd/DEV/dotfiles
# environment
ELECTRON_FORCE_IS_PACKAGED = true
# environment
VSCODE_CWD = /
# environment
VSCODE_RUN_IN_ELECTRON = true
# environment
ORIGINAL_XDG_CURRENT_DESKTOP = undefined
# environment
ICUBE_IS_ELECTRON = true
# environment
MANPATH = /Applications/Xcode.app/Contents/Developer/Platforms/MacOSX.platform/Developer/SDKs/MacOSX.sdk/usr/share/man:/Applications/Xcode.app/Contents/Developer/Platforms/MacOSX.platform/usr/share/man:/Applications/Xcode.app/Contents/Developer/usr/share/man:/Applications/Xcode.app/Contents/Developer/Toolchains/XcodeDefault.xctoolchain/usr/share/man:
# environment
HOME = /Users/mahd
# default
MAKEFILEPATH := /Applications/Xcode.app/Contents/Developer/Makefiles
# environment
ICUBE_PRODUCT_PROVIDER = Spring
# environment
VSCODE_CODE_CACHE_PATH = /Users/mahd/Library/Application Support/Trae/CachedData/3d8ec0bb9ea606869a2d41ea08ce2f51aeaa2298
# environment
LOGNAME = mahd
# environment
APPLICATION_INSIGHTS_NO_DIAGNOSTIC_CHANNEL = 1
# environment
ENABLE_MARSCODE_NLS = 1
# environment
VSCODE_HANDLES_UNCAUGHT_ERRORS = true
# automatic
^D = $(patsubst %/,%,$(dir $^))
# environment
 
XPC_FLAGS = 0x0
# default
MAKE = $(MAKE_COMMAND)
# default
MAKECMDGOALS := all
# environment
SHLVL = 1
# environment
VSCODE_ESM_ENTRYPOINT = vs/workbench/api/node/extensionHostProcess
# default
MAKE_VERSION := 3.81
# environment
USER = mahd
# environment
ICUBE_MACHINE_ID = 35e12f7f645297973065da9f720631db2747a8dd0a75f1a038d7c152b39e39da
# makefile
.DEFAULT_GOAL := 
# automatic
%D = $(patsubst %/,%,$(dir $%))
# environment
ICUBE_ELECTRON_PATH = /Applications/Trae.app/Contents/MacOS/Electron
# default
MAKE_COMMAND := /Applications/Xcode.app/Contents/Developer/usr/bin/make
# default
.VARIABLES := 
# environment
TMPDIR = /var/folders/r2/bmpqg1nj67bbnh_djfbnmt3w0000gn/T/
# automatic
*F = $(notdir $*)
# environment
VSCODE_IPC_HOOK = /Users/mahd/Library/Application Support/Trae/1.95-main.sock
# environment
MallocNanoZone = 0
# makefile
MAKEFLAGS = Rrqp
# environment
MFLAGS = -Rrqp
# automatic
*D = $(patsubst %/,%,$(dir $*))
# environment
XPC_SERVICE_NAME = application.com.trae.app.191871088.191871380
# automatic
+D = $(patsubst %/,%,$(dir $+))
# environment
VSCODE_L10N_BUNDLE_LOCATION = 
# automatic
+F = $(notdir $+)
# environment
ICUBE_VSCODE_VERSION = 1.95.3
# environment
__CF_USER_TEXT_ENCODING = 0x1F5:0x0:0x0
# environment
COMMAND_MODE = unix2003
# default
MAKEFILES := 
# environment
CLOUDIDE_APISERVER_BASE_URL = https://api-sg-central.marscode.com
# automatic
<F = $(notdir $<)
# environment
 
LC_ALL = C
# environment
SECURITYSESSIONID = 186b3
# automatic
^F = $(notdir $^)
# default
SUFFIXES := 
# environment
ICUBE_CODEMAIN_SESSION = 1dbbac22-1e42-4bbc-967b-b386d917928e
# default
.INCLUDE_DIRS = /usr/local/include
# environment
MAKELEVEL := 0
# environment
VSCODE_EXTENSIONS_PATH = /Users/mahd/.trae/extensions
# environment
ICUBE_PROXY_HOST = 127.0.0.1
# environment
LANG = C
# environment
ICUBE_PROXY_PORT = 51000
# environment
VSCODE_PID = 12785
# environment
DOC_URL = https://docs.marscode.com/dev-tools/preview
# variable set hash-table stats:
# Load=88/1024=9%, Rehash=0, Collisions=4/109=4%

# Pattern-specific Variable Values

# No pattern-specific variable values.

# Directories

# . (device 16777229, inode 55977128): 48 files, no impossibilities.

# 48 files, no impossibilities in 1 directories.

# Implicit Rules

# No implicit rules.

# Files

# Not a target:
all:
#  Command-line target.
#  Implicit rule search has been done.
#  File does not exist.
#  File has not been updated.
# variable set hash-table stats:
# Load=0/32=0%, Rehash=0, Collisions=0/0=0%

# Not a target:
.SUFFIXES:
#  Implicit rule search has not been done.
#  Modification time never checked.
#  File has not been updated.

 
# Not a target:
Makefile:
#  A default, MAKEFILES, or -include/sinclude makefile.
#  Implicit rule search has been done.
#  File does not exist.
#  File has been updated.
#  Failed to be updated.
# variable set hash-table stats:
# Load=0/32=0%, Rehash=0, Collisions=0/0=0%

# Not a target:
makefile:
#  A default, MAKEFILES, or -include/sinclude makefile.
#  Implicit rule search has been done.
#  File does not exist.
#  File has been updated.
#  Failed to be updated.
# variable set hash-table stats:
# Load=0/32=0%, Rehash=0, Collisions=0/0=0%

# Not a target:
.DEFAULT:
#  Implicit rule search has not been done.
#  Modification time never checked.
#  File has not been updated.

# Not a target:
GNUmakefile:
#  A default, MAKEFILES, or -include/sinclude makefile.
#  Implicit rule search has been done.
#  File does not exist.
#  File has been updated.
#  Failed to be updated.
# variable set hash-table stats:
# Load=0/32=0%, Rehash=0, Collisions=0/0=0%

# files hash-table stats:
# Load=6/1024=1%, Rehash=0, Collisions=0/17=0%
# VPATH Search Paths

# No `vpath' search paths.

# No general (`VPATH' variable) search path.

# # of strings in strcache: 0
# # of strcache buffers: 0
# strcache size: total = 0 / max = 0 / min = 4096 / avg = 0
# strcache free: total = 0 / max = 0 / min = 4096 / avg = 0
 

# Finished Make data base on Fri Jan 24 19:09:33 2025

 
