current directory: /Users/mahd/.gem/ruby/2.6.0/gems/clocale-0.0.4/ext/clocale
/System/Library/Frameworks/Ruby.framework/Versions/2.6/usr/bin/ruby extconf.rb
checking for locale.h... yes
checking for setlocale()... yes
checking for strcoll()... yes
checking for strxfrm()... yes
creating Makefile

current directory: /Users/mahd/.gem/ruby/2.6.0/gems/clocale-0.0.4/ext/clocale
make DESTDIR\= sitearchdir\=./.gem.20240207-64760-zhsz9n sitelibdir\=./.gem.20240207-64760-zhsz9n clean

current directory: /Users/mahd/.gem/ruby/2.6.0/gems/clocale-0.0.4/ext/clocale
make DESTDIR\= sitearchdir\=./.gem.20240207-64760-zhsz9n sitelibdir\=./.gem.20240207-64760-zhsz9n
compiling clocale.c
clocale.c:35:34: warning: '(' and '{' tokens introducing statement expression appear in different macro expansion contexts [-Wcompound-token-split-by-macro]
    VALUE sym = rb_funcall(self, rb_intern("lookup_const"), 1, category);
                                 ^~~~~~~~~~~~~~~~~~~~~~~~~
/Applications/Xcode.app/Contents/Developer/Platforms/MacOSX.platform/Developer/SDKs/MacOSX14.0.sdk/System/Library/Frameworks/Ruby.framework/Versions/2.6/usr/include/ruby-2.6.0/ruby/ruby.h:1826:23: note: expanded from macro 'rb_intern'
        __extension__ (RUBY_CONST_ID_CACHE((ID), (str))) : \
                      ^
/Applications/Xcode.app/Contents/Developer/Platforms/MacOSX.platform/Developer/SDKs/MacOSX14.0.sdk/System/Library/Frameworks/Ruby.framework/Versions/2.6/usr/include/ruby-2.6.0/ruby/ruby.h:2602:20: note: expanded from macro 'rb_funcall'
        rb_funcallv(recv, mid, \
                          ^~~
clocale.c:35:34: note: '{' token is here
    VALUE sym = rb_funcall(self, rb_intern("lookup_const"), 1, category);
                                 ^~~~~~~~~~~~~~~~~~~~~~~~~
/Applications/Xcode.app/Contents/Developer/Platforms/MacOSX.platform/Developer/SDKs/MacOSX14.0.sdk/System/Library/Frameworks/Ruby.framework/Versions/2.6/usr/include/ruby-2.6.0/ruby/ruby.h:1826:24: note: expanded from macro 'rb_intern'
        __extension__ (RUBY_CONST_ID_CACHE((ID), (str))) : \
                       ^~~~~~~~~~~~~~~~~~~~~~~~~~~~~~~~
/Applications/Xcode.app/Contents/Developer/Platforms/MacOSX.platform/Developer/SDKs/MacOSX14.0.sdk/System/Library/Frameworks/Ruby.framework/Versions/2.6/usr/include/ruby-2.6.0/ruby/ruby.h:1811:5: note: expanded from macro 'RUBY_CONST_ID_CACHE'
    {                                                   \
    ^
/Applications/Xcode.app/Contents/Developer/Platforms/MacOSX.platform/Developer/SDKs/MacOSX14.0.sdk/System/Library/Frameworks/Ruby.framework/Versions/2.6/usr/include/ruby-2.6.0/ruby/ruby.h:2602:20: note: expanded from macro 'rb_funcall'
        rb_funcallv(recv, mid, \
                          ^~~
clocale.c:35:34: warning: '}' and ')' tokens terminating statement expression appear in different macro expansion contexts [-Wcompound-token-split-by-macro]
    VALUE sym = rb_funcall(self, rb_intern("lookup_const"), 1, category);
                                 ^~~~~~~~~~~~~~~~~~~~~~~~~
/Applications/Xcode.app/Contents/Developer/Platforms/MacOSX.platform/Developer/SDKs/MacOSX14.0.sdk/System/Library/Frameworks/Ruby.framework/Versions/2.6/usr/include/ruby-2.6.0/ruby/ruby.h:1826:24: note: expanded from macro 'rb_intern'
        __extension__ (RUBY_CONST_ID_CACHE((ID), (str))) : \
                       ^~~~~~~~~~~~~~~~~~~~~~~~~~~~~~~~
/Applications/Xcode.app/Contents/Developer/Platforms/MacOSX.platform/Developer/SDKs/MacOSX14.0.sdk/System/Library/Frameworks/Ruby.framework/Versions/2.6/usr/include/ruby-2.6.0/ruby/ruby.h:1816:5: note: expanded from macro 'RUBY_CONST_ID_CACHE'
    }
    ^
/Applications/Xcode.app/Contents/Developer/Platforms/MacOSX.platform/Developer/SDKs/MacOSX14.0.sdk/System/Library/Frameworks/Ruby.framework/Versions/2.6/usr/include/ruby-2.6.0/ruby/ruby.h:2602:20: note: expanded from macro 'rb_funcall'
        rb_funcallv(recv, mid, \
                          ^~~
clocale.c:35:34: note: ')' token is here
    VALUE sym = rb_funcall(self, rb_intern("lookup_const"), 1, category);
                                 ^~~~~~~~~~~~~~~~~~~~~~~~~
/Applications/Xcode.app/Contents/Developer/Platforms/MacOSX.platform/Developer/SDKs/MacOSX14.0.sdk/System/Library/Frameworks/Ruby.framework/Versions/2.6/usr/include/ruby-2.6.0/ruby/ruby.h:1826:56: note: expanded from macro 'rb_intern'
        __extension__ (RUBY_CONST_ID_CACHE((ID), (str))) : \
                                                       ^
/Applications/Xcode.app/Contents/Developer/Platforms/MacOSX.platform/Developer/SDKs/MacOSX14.0.sdk/System/Library/Frameworks/Ruby.framework/Versions/2.6/usr/include/ruby-2.6.0/ruby/ruby.h:2602:20: note: expanded from macro 'rb_funcall'
        rb_funcallv(recv, mid, \
                          ^~~
2 warnings generated.
linking shared-object clocale/clocale.bundle
ld: warning: -multiply_defined is obsolete
ld: warning: search path '/AppleInternal/Library/BuildRoots/0032d1ee-80fd-11ee-8227-6aecfccc70fe/Applications/Xcode.app/Contents/Developer/Platforms/MacOSX.platform/Developer/SDKs/MacOSX14.2.Internal.sdk/usr/local/lib' not found

current directory: /Users/mahd/.gem/ruby/2.6.0/gems/clocale-0.0.4/ext/clocale
make DESTDIR\= sitearchdir\=./.gem.20240207-64760-zhsz9n sitelibdir\=./.gem.20240207-64760-zhsz9n install
/usr/bin/install -c -m 0755 clocale.bundle ./.gem.20240207-64760-zhsz9n/clocale

current directory: /Users/mahd/.gem/ruby/2.6.0/gems/clocale-0.0.4/ext/clocale
make DESTDIR\= sitearchdir\=./.gem.20240207-64760-zhsz9n sitelibdir\=./.gem.20240207-64760-zhsz9n clean
