have_header: checking for locale.h... -------------------- yes

"xcrun clang -o conftest -I/Applications/Xcode.app/Contents/Developer/Platforms/MacOSX.platform/Developer/SDKs/MacOSX14.0.sdk/System/Library/Frameworks/Ruby.framework/Versions/2.6/usr/include/ruby-2.6.0/universal-darwin23 -I/Applications/Xcode.app/Contents/Developer/Platforms/MacOSX.platform/Developer/SDKs/MacOSX14.0.sdk/System/Library/Frameworks/Ruby.framework/Versions/2.6/usr/include/ruby-2.6.0/ruby/backward -I/Applications/Xcode.app/Contents/Developer/Platforms/MacOSX.platform/Developer/SDKs/MacOSX14.0.sdk/System/Library/Frameworks/Ruby.framework/Versions/2.6/usr/include/ruby-2.6.0 -I. -D_XOPEN_SOURCE -D_DARWIN_C_SOURCE -D_DARWIN_UNLIMITED_SELECT -D_REENTRANT    -g -Os -pipe -DHAVE_GCC_ATOMIC_BUILTINS -DUSE_FFI_CLOSURE_ALLOC conftest.c  -L. -L/System/Library/Frameworks/Ruby.framework/Versions/2.6/usr/lib -L. -L/AppleInternal/Library/BuildRoots/0032d1ee-80fd-11ee-8227-6aecfccc70fe/Applications/Xcode.app/Contents/Developer/Platforms/MacOSX.platform/Developer/SDKs/MacOSX14.2.Internal.sdk/usr/local/lib     -lruby.2.6   "
ld: warning: search path '/AppleInternal/Library/BuildRoots/0032d1ee-80fd-11ee-8227-6aecfccc70fe/Applications/Xcode.app/Contents/Developer/Platforms/MacOSX.platform/Developer/SDKs/MacOSX14.2.Internal.sdk/usr/local/lib' not found
checked program was:
/* begin */
1: #include "ruby.h"
2: 
3: int main(int argc, char **argv)
4: {
5:   return 0;
6: }
/* end */

"xcrun clang -I/Applications/Xcode.app/Contents/Developer/Platforms/MacOSX.platform/Developer/SDKs/MacOSX14.0.sdk/System/Library/Frameworks/Ruby.framework/Versions/2.6/usr/include/ruby-2.6.0/universal-darwin23 -I/Applications/Xcode.app/Contents/Developer/Platforms/MacOSX.platform/Developer/SDKs/MacOSX14.0.sdk/System/Library/Frameworks/Ruby.framework/Versions/2.6/usr/include/ruby-2.6.0/ruby/backward -I/Applications/Xcode.app/Contents/Developer/Platforms/MacOSX.platform/Developer/SDKs/MacOSX14.0.sdk/System/Library/Frameworks/Ruby.framework/Versions/2.6/usr/include/ruby-2.6.0 -I. -D_XOPEN_SOURCE -D_DARWIN_C_SOURCE -D_DARWIN_UNLIMITED_SELECT -D_REENTRANT    -g -Os -pipe -DHAVE_GCC_ATOMIC_BUILTINS -DUSE_FFI_CLOSURE_ALLOC   -c conftest.c"
checked program was:
/* begin */
1: #include "ruby.h"
2: 
3: #include <locale.h>
/* end */

--------------------

have_func: checking for setlocale()... -------------------- yes

"xcrun clang -o conftest -I/Applications/Xcode.app/Contents/Developer/Platforms/MacOSX.platform/Developer/SDKs/MacOSX14.0.sdk/System/Library/Frameworks/Ruby.framework/Versions/2.6/usr/include/ruby-2.6.0/universal-darwin23 -I/Applications/Xcode.app/Contents/Developer/Platforms/MacOSX.platform/Developer/SDKs/MacOSX14.0.sdk/System/Library/Frameworks/Ruby.framework/Versions/2.6/usr/include/ruby-2.6.0/ruby/backward -I/Applications/Xcode.app/Contents/Developer/Platforms/MacOSX.platform/Developer/SDKs/MacOSX14.0.sdk/System/Library/Frameworks/Ruby.framework/Versions/2.6/usr/include/ruby-2.6.0 -I. -D_XOPEN_SOURCE -D_DARWIN_C_SOURCE -D_DARWIN_UNLIMITED_SELECT -D_REENTRANT    -g -Os -pipe -DHAVE_GCC_ATOMIC_BUILTINS -DUSE_FFI_CLOSURE_ALLOC conftest.c  -L. -L/System/Library/Frameworks/Ruby.framework/Versions/2.6/usr/lib -L. -L/AppleInternal/Library/BuildRoots/0032d1ee-80fd-11ee-8227-6aecfccc70fe/Applications/Xcode.app/Contents/Developer/Platforms/MacOSX.platform/Developer/SDKs/MacOSX14.2.Internal.sdk/usr/local/lib     -lruby.2.6   "
conftest.c:14:57: error: use of undeclared identifier 'setlocale'
int t(void) { void ((*volatile p)()); p = (void ((*)()))setlocale; return !p; }
                                                        ^
1 error generated.
checked program was:
/* begin */
 1: #include "ruby.h"
 2: 
 3: /*top*/
 4: extern int t(void);
 5: int main(int argc, char **argv)
 6: {
 7:   if (argc > 1000000) {
 8:     int (* volatile tp)(void)=(int (*)(void))&t;
 9:     printf("%d", (*tp)());
10:   }
11: 
12:   return 0;
13: }
14: int t(void) { void ((*volatile p)()); p = (void ((*)()))setlocale; return !p; }
/* end */

"xcrun clang -o conftest -I/Applications/Xcode.app/Contents/Developer/Platforms/MacOSX.platform/Developer/SDKs/MacOSX14.0.sdk/System/Library/Frameworks/Ruby.framework/Versions/2.6/usr/include/ruby-2.6.0/universal-darwin23 -I/Applications/Xcode.app/Contents/Developer/Platforms/MacOSX.platform/Developer/SDKs/MacOSX14.0.sdk/System/Library/Frameworks/Ruby.framework/Versions/2.6/usr/include/ruby-2.6.0/ruby/backward -I/Applications/Xcode.app/Contents/Developer/Platforms/MacOSX.platform/Developer/SDKs/MacOSX14.0.sdk/System/Library/Frameworks/Ruby.framework/Versions/2.6/usr/include/ruby-2.6.0 -I. -D_XOPEN_SOURCE -D_DARWIN_C_SOURCE -D_DARWIN_UNLIMITED_SELECT -D_REENTRANT    -g -Os -pipe -DHAVE_GCC_ATOMIC_BUILTINS -DUSE_FFI_CLOSURE_ALLOC conftest.c  -L. -L/System/Library/Frameworks/Ruby.framework/Versions/2.6/usr/lib -L. -L/AppleInternal/Library/BuildRoots/0032d1ee-80fd-11ee-8227-6aecfccc70fe/Applications/Xcode.app/Contents/Developer/Platforms/MacOSX.platform/Developer/SDKs/MacOSX14.2.Internal.sdk/usr/local/lib     -lruby.2.6   "
ld: warning: search path '/AppleInternal/Library/BuildRoots/0032d1ee-80fd-11ee-8227-6aecfccc70fe/Applications/Xcode.app/Contents/Developer/Platforms/MacOSX.platform/Developer/SDKs/MacOSX14.2.Internal.sdk/usr/local/lib' not found
checked program was:
/* begin */
 1: #include "ruby.h"
 2: 
 3: /*top*/
 4: extern int t(void);
 5: int main(int argc, char **argv)
 6: {
 7:   if (argc > 1000000) {
 8:     int (* volatile tp)(void)=(int (*)(void))&t;
 9:     printf("%d", (*tp)());
10:   }
11: 
12:   return 0;
13: }
14: extern void setlocale();
15: int t(void) { setlocale(); return 0; }
/* end */

--------------------

have_func: checking for strcoll()... -------------------- yes

"xcrun clang -o conftest -I/Applications/Xcode.app/Contents/Developer/Platforms/MacOSX.platform/Developer/SDKs/MacOSX14.0.sdk/System/Library/Frameworks/Ruby.framework/Versions/2.6/usr/include/ruby-2.6.0/universal-darwin23 -I/Applications/Xcode.app/Contents/Developer/Platforms/MacOSX.platform/Developer/SDKs/MacOSX14.0.sdk/System/Library/Frameworks/Ruby.framework/Versions/2.6/usr/include/ruby-2.6.0/ruby/backward -I/Applications/Xcode.app/Contents/Developer/Platforms/MacOSX.platform/Developer/SDKs/MacOSX14.0.sdk/System/Library/Frameworks/Ruby.framework/Versions/2.6/usr/include/ruby-2.6.0 -I. -D_XOPEN_SOURCE -D_DARWIN_C_SOURCE -D_DARWIN_UNLIMITED_SELECT -D_REENTRANT    -g -Os -pipe -DHAVE_GCC_ATOMIC_BUILTINS -DUSE_FFI_CLOSURE_ALLOC conftest.c  -L. -L/System/Library/Frameworks/Ruby.framework/Versions/2.6/usr/lib -L. -L/AppleInternal/Library/BuildRoots/0032d1ee-80fd-11ee-8227-6aecfccc70fe/Applications/Xcode.app/Contents/Developer/Platforms/MacOSX.platform/Developer/SDKs/MacOSX14.2.Internal.sdk/usr/local/lib     -lruby.2.6   "
ld: warning: search path '/AppleInternal/Library/BuildRoots/0032d1ee-80fd-11ee-8227-6aecfccc70fe/Applications/Xcode.app/Contents/Developer/Platforms/MacOSX.platform/Developer/SDKs/MacOSX14.2.Internal.sdk/usr/local/lib' not found
checked program was:
/* begin */
 1: #include "ruby.h"
 2: 
 3: /*top*/
 4: extern int t(void);
 5: int main(int argc, char **argv)
 6: {
 7:   if (argc > 1000000) {
 8:     int (* volatile tp)(void)=(int (*)(void))&t;
 9:     printf("%d", (*tp)());
10:   }
11: 
12:   return 0;
13: }
14: int t(void) { void ((*volatile p)()); p = (void ((*)()))strcoll; return !p; }
/* end */

--------------------

have_func: checking for strxfrm()... -------------------- yes

"xcrun clang -o conftest -I/Applications/Xcode.app/Contents/Developer/Platforms/MacOSX.platform/Developer/SDKs/MacOSX14.0.sdk/System/Library/Frameworks/Ruby.framework/Versions/2.6/usr/include/ruby-2.6.0/universal-darwin23 -I/Applications/Xcode.app/Contents/Developer/Platforms/MacOSX.platform/Developer/SDKs/MacOSX14.0.sdk/System/Library/Frameworks/Ruby.framework/Versions/2.6/usr/include/ruby-2.6.0/ruby/backward -I/Applications/Xcode.app/Contents/Developer/Platforms/MacOSX.platform/Developer/SDKs/MacOSX14.0.sdk/System/Library/Frameworks/Ruby.framework/Versions/2.6/usr/include/ruby-2.6.0 -I. -D_XOPEN_SOURCE -D_DARWIN_C_SOURCE -D_DARWIN_UNLIMITED_SELECT -D_REENTRANT    -g -Os -pipe -DHAVE_GCC_ATOMIC_BUILTINS -DUSE_FFI_CLOSURE_ALLOC conftest.c  -L. -L/System/Library/Frameworks/Ruby.framework/Versions/2.6/usr/lib -L. -L/AppleInternal/Library/BuildRoots/0032d1ee-80fd-11ee-8227-6aecfccc70fe/Applications/Xcode.app/Contents/Developer/Platforms/MacOSX.platform/Developer/SDKs/MacOSX14.2.Internal.sdk/usr/local/lib     -lruby.2.6   "
ld: warning: search path '/AppleInternal/Library/BuildRoots/0032d1ee-80fd-11ee-8227-6aecfccc70fe/Applications/Xcode.app/Contents/Developer/Platforms/MacOSX.platform/Developer/SDKs/MacOSX14.2.Internal.sdk/usr/local/lib' not found
checked program was:
/* begin */
 1: #include "ruby.h"
 2: 
 3: /*top*/
 4: extern int t(void);
 5: int main(int argc, char **argv)
 6: {
 7:   if (argc > 1000000) {
 8:     int (* volatile tp)(void)=(int (*)(void))&t;
 9:     printf("%d", (*tp)());
10:   }
11: 
12:   return 0;
13: }
14: int t(void) { void ((*volatile p)()); p = (void ((*)()))strxfrm; return !p; }
/* end */

--------------------

